2017-03-16 08:29:15,472 ERROR exception_decor 21 65982 140736596902848 There was an exception in test_admin_page
2017-03-16 08:29:17,755 ERROR exception_decor 21 65982 140736596902848 There was an exception in test_negative_admin_page
2017-03-16 08:39:26,229 ERROR exception_decor 21 66431 140736596902848 There was an exception in test_admin_page
2017-03-16 08:39:28,511 ERROR exception_decor 21 66431 140736596902848 There was an exception in test_negative_admin_page
2017-03-16 08:41:20,501 ERROR exception_decor 21 66549 140736596902848 There was an exception in test_admin_page
2017-03-16 08:41:23,332 ERROR exception_decor 21 66549 140736596902848 There was an exception in test_negative_admin_page
2017-03-16 13:24:48,650 ERROR fe_user 41 69177 140736596902848 Login FAILED: email=admin@att.com password=iceusers
2017-03-16 13:24:48,653 ERROR exception_decor 21 69177 140736596902848 There was an exception in test_admin_page
2017-03-16 13:24:57,467 ERROR api_checklist 85 69221 140736596902848 Failed to add audit log for checklist uuid: 44dd7cca-933b-47d9-aa0c-ed8c431667ae, see response >>> 401 Unauthorized.
Content: b'"User not authorized: 5ee5831f-be0b-480d-b4c6-46e540130833. eng_uuid=b53a7c40-09b0-461a-81df-7bbaf32c6e5d. checklist_uuid=44dd7cca-933b-47d9-aa0c-ed8c431667ae"'
2017-03-16 13:24:57,576 ERROR api_checklist 85 69221 140736596902848 Failed to add audit log for checklist uuid: 44dd7cca-933b-47d9-aa0c-ed8c431667ae, see response >>> 401 Unauthorized.
Content: b'"User not authorized: 7268211a-5663-443f-86dd-9f1dcf0e0590. eng_uuid=b53a7c40-09b0-461a-81df-7bbaf32c6e5d. checklist_uuid=44dd7cca-933b-47d9-aa0c-ed8c431667ae"'
2017-03-16 13:24:59,299 ERROR api_virtual_function 39 69221 140736596902848 Failed to add next step to VF STd4Aga, see response >>> 401 Unauthorized.
Content: b'"User not authorized: 2b9ac829-9889-4120-b1c9-1a331cf820d8. eng_uuid=dfce9bd0-ba2c-489e-9db9-3a83759f8a13. checklist_uuid=None"'
2017-03-16 13:24:59,507 ERROR api_virtual_function 39 69221 140736596902848 Failed to add next step to VF STd4Aga, see response >>> 401 Unauthorized.
Content: b'"User not authorized: 2358b242-de97-4db6-83ee-ce6f73af58c5. eng_uuid=dfce9bd0-ba2c-489e-9db9-3a83759f8a13. checklist_uuid=None"'
2017-03-16 13:24:59,604 ERROR api_virtual_function 39 69221 140736596902848 Failed to add next step to VF STd4Aga, see response >>> 401 Unauthorized.
Content: b'"User not authorized: 7268211a-5663-443f-86dd-9f1dcf0e0590. eng_uuid=dfce9bd0-ba2c-489e-9db9-3a83759f8a13. checklist_uuid=None"'
2017-03-16 13:25:00,374 ERROR api_checklist 38 69221 140736596902848 Failed to create checklist for VF STtP8yL, see response >>> 401 Unauthorized.
Content: b'"User not authorized: e96aaa60-def3-4cfc-80fa-ab05b940bff0. eng_uuid=20c81c20-8a1b-4840-9029-9987d384c010. checklist_uuid=None"'
2017-03-16 13:25:00,586 ERROR api_checklist 38 69221 140736596902848 Failed to create checklist for VF STtP8yL, see response >>> 401 Unauthorized.
Content: b'"User not authorized: c5621915-0403-40f6-b3b9-bdcdcc31db46. eng_uuid=20c81c20-8a1b-4840-9029-9987d384c010. checklist_uuid=None"'
2017-03-16 13:25:00,799 ERROR api_checklist 38 69221 140736596902848 Failed to create checklist for VF STtP8yL, see response >>> 401 Unauthorized.
Content: b'"User not authorized: 7268211a-5663-443f-86dd-9f1dcf0e0590. eng_uuid=20c81c20-8a1b-4840-9029-9987d384c010. checklist_uuid=None"'
2017-03-16 13:25:01,574 ERROR api_virtual_function 150 69221 140736596902848 Failed to edit next step uuid: e9ff96b8-28b8-4e37-98a6-3e1ff1e745c5, see response >>> 401 Unauthorized
2017-03-16 13:25:01,707 ERROR api_virtual_function 150 69221 140736596902848 Failed to edit next step uuid: e9ff96b8-28b8-4e37-98a6-3e1ff1e745c5, see response >>> 401 Unauthorized
2017-03-16 13:25:01,808 ERROR api_virtual_function 150 69221 140736596902848 Failed to edit next step uuid: e9ff96b8-28b8-4e37-98a6-3e1ff1e745c5, see response >>> 401 Unauthorized
2017-03-16 13:25:02,902 ERROR api_virtual_function 95 69221 140736596902848 POST request failed to invite team member, see response >>> 401 Unauthorized
2017-03-16 13:25:46,597 ERROR api_checklist 85 69452 140736596902848 Failed to add audit log for checklist uuid: b099f9fc-d54c-4d10-977c-4a619b30cb10, see response >>> 401 Unauthorized.
Content: b'"User not authorized: cf7a98f7-4076-475b-b6fb-5afb775599b1. eng_uuid=003d84cd-f48f-4a39-91a3-c0fcd16826ab. checklist_uuid=b099f9fc-d54c-4d10-977c-4a619b30cb10"'
2017-03-16 13:25:46,862 ERROR api_checklist 85 69452 140736596902848 Failed to add audit log for checklist uuid: b099f9fc-d54c-4d10-977c-4a619b30cb10, see response >>> 401 Unauthorized.
Content: b'"User not authorized: 7268211a-5663-443f-86dd-9f1dcf0e0590. eng_uuid=003d84cd-f48f-4a39-91a3-c0fcd16826ab. checklist_uuid=b099f9fc-d54c-4d10-977c-4a619b30cb10"'
2017-03-16 13:25:52,366 ERROR api_virtual_function 39 69452 140736596902848 Failed to add next step to VF STBM8f1, see response >>> 401 Unauthorized.
Content: b'"User not authorized: c926d105-4174-4f14-a314-310a4773d93e. eng_uuid=bfac0aea-a579-4301-bb9d-c433f7b2aedd. checklist_uuid=None"'
2017-03-16 13:25:52,488 ERROR api_virtual_function 39 69452 140736596902848 Failed to add next step to VF STBM8f1, see response >>> 401 Unauthorized.
Content: b'"User not authorized: 7c84cfea-dfca-4ece-b78c-c2df93036217. eng_uuid=bfac0aea-a579-4301-bb9d-c433f7b2aedd. checklist_uuid=None"'
2017-03-16 13:25:52,621 ERROR api_virtual_function 39 69452 140736596902848 Failed to add next step to VF STBM8f1, see response >>> 401 Unauthorized.
Content: b'"User not authorized: 7268211a-5663-443f-86dd-9f1dcf0e0590. eng_uuid=bfac0aea-a579-4301-bb9d-c433f7b2aedd. checklist_uuid=None"'
2017-03-16 13:25:55,055 ERROR api_checklist 38 69452 140736596902848 Failed to create checklist for VF STzvN7L, see response >>> 401 Unauthorized.
Content: b'"User not authorized: a5df2f79-ffb3-40af-9830-9d446077d841. eng_uuid=bc8d8425-7420-4e41-8dd6-022d1427aefd. checklist_uuid=None"'
2017-03-16 13:25:55,528 ERROR api_checklist 38 69452 140736596902848 Failed to create checklist for VF STzvN7L, see response >>> 401 Unauthorized.
Content: b'"User not authorized: 2358b242-de97-4db6-83ee-ce6f73af58c5. eng_uuid=bc8d8425-7420-4e41-8dd6-022d1427aefd. checklist_uuid=None"'
2017-03-16 13:25:55,906 ERROR api_checklist 38 69452 140736596902848 Failed to create checklist for VF STzvN7L, see response >>> 401 Unauthorized.
Content: b'"User not authorized: 7268211a-5663-443f-86dd-9f1dcf0e0590. eng_uuid=bc8d8425-7420-4e41-8dd6-022d1427aefd. checklist_uuid=None"'
2017-03-16 13:25:56,975 ERROR exception_decor 21 69453 140736596902848 There was an exception in test_Create_New_Checklist
2017-03-16 13:25:58,002 ERROR api_virtual_function 150 69452 140736596902848 Failed to edit next step uuid: 01552186-125e-4b23-abb9-5bedf31bcb0a, see response >>> 401 Unauthorized
2017-03-16 13:25:58,250 ERROR api_virtual_function 150 69452 140736596902848 Failed to edit next step uuid: 01552186-125e-4b23-abb9-5bedf31bcb0a, see response >>> 401 Unauthorized
2017-03-16 13:25:58,440 ERROR api_virtual_function 150 69452 140736596902848 Failed to edit next step uuid: 01552186-125e-4b23-abb9-5bedf31bcb0a, see response >>> 401 Unauthorized
2017-03-16 13:26:00,982 ERROR api_virtual_function 95 69452 140736596902848 POST request failed to invite team member, see response >>> 401 Unauthorized
2017-03-16 13:26:06,486 ERROR exception_decor 21 69453 140736596902848 There was an exception in test_E2EChecklist_AddNextStep_Test
2017-03-16 13:26:32,813 ERROR exception_decor 21 69453 140736596902848 There was an exception in test_E2EChecklist_Reject
2017-03-16 13:26:44,317 ERROR exception_decor 21 69453 140736596902848 There was an exception in test_E2EChecklist_UpdateAddNextStep_Test
2017-03-16 13:26:53,718 ERROR exception_decor 21 69455 140736596902848 There was an exception in test_negative_admin_page
